<?xml version="1.0" encoding="UTF-8"?>
<!-- Generated by org.testng.reporters.JUnitReportReporter -->
<testsuite skipped="0" hostname="01-011648" name="com.shop.qa.testcases.LoginPageTest" tests="2" failures="0" timestamp="01 May 2019 05:38:44 GMT" time="29.759" errors="0">
  <testcase name="loginPageTitleTest" time="21.347" classname="com.shop.qa.testcases.LoginPageTest"/>
  <testcase name="loginTest" time="8.412" classname="com.shop.qa.testcases.LoginPageTest"/>
</testsuite> <!-- com.shop.qa.testcases.LoginPageTest -->
